\BOOKMARK [0][-]{chapter.1}{\376\377\000I\000n\000t\000r\000o\000d\000u\000c\000t\000i\000o\000n}{}% 1
\BOOKMARK [1][-]{section.1.1}{\376\377\000I\000n\000t\000r\000o\000d\000u\000c\000t\000i\000o\000n}{chapter.1}% 2
\BOOKMARK [1][-]{section.1.2}{\376\377\000R\000e\000s\000p\000o\000n\000s\000a\000b\000i\000l\000i\000t\000\351\000s\000\040\000e\000t\000\040\000c\000o\000m\000p\000o\000s\000i\000t\000i\000o\000n\000\040\000d\000e\000\040\000l\000'\000\351\000q\000u\000i\000p\000e}{chapter.1}% 3
\BOOKMARK [0][-]{chapter.2}{\376\377\000B\000a\000s\000e\000\040\000d\000e\000\040\000d\000o\000n\000n\000\351\000e\000s}{}% 4
\BOOKMARK [1][-]{section.2.1}{\376\377\000P\000r\000o\000v\000e\000n\000a\000n\000c\000e\000\040\000d\000e\000s\000\040\000d\000o\000n\000n\000\351\000e\000s}{chapter.2}% 5
\BOOKMARK [1][-]{section.2.2}{\376\377\000O\000r\000i\000e\000n\000t\000a\000t\000i\000o\000n\000\040\000d\000e\000\040\000l\000'\000\351\000t\000u\000d\000e}{chapter.2}% 6
\BOOKMARK [1][-]{section.2.3}{\376\377\000D\000e\000s\000c\000r\000i\000p\000t\000i\000f\000\040\000d\000e\000s\000\040\000t\000a\000b\000l\000e\000s}{chapter.2}% 7
\BOOKMARK [1][-]{section.2.4}{\376\377\000M\000o\000d\000\350\000l\000e\000s\000\040\000M\000C\000D\000\040\000e\000t\000\040\000M\000O\000D}{chapter.2}% 8
\BOOKMARK [1][-]{section.2.5}{\376\377\000I\000m\000p\000o\000r\000t\000\040\000d\000e\000s\000\040\000d\000o\000n\000n\000\351\000e\000s\000\040\000\136}{chapter.2}% 9
\BOOKMARK [1][-]{section.2.6}{\376\377\000R\000e\000q\000u\000\352\000t\000e\000s\000\040\000r\000\351\000a\000l\000i\000s\000\351\000e\000s}{chapter.2}% 10
\BOOKMARK [0][-]{chapter.3}{\376\377\000M\000a\000t\000\351\000r\000i\000e\000l\000\040\000e\000t\000\040\000M\000\351\000t\000h\000o\000d\000e\000s}{}% 11
\BOOKMARK [1][-]{section.3.1}{\376\377\000L\000o\000g\000i\000c\000i\000e\000l\000s}{chapter.3}% 12
\BOOKMARK [1][-]{section.3.2}{\376\377\000M\000o\000d\000\351\000l\000i\000s\000a\000t\000i\000o\000n\000\040\000s\000t\000a\000t\000i\000s\000t\000i\000q\000u\000e}{chapter.3}% 13
\BOOKMARK [0][-]{chapter.4}{\376\377\000A\000n\000a\000l\000y\000s\000e\000\040\000e\000x\000p\000l\000o\000r\000a\000t\000o\000i\000r\000e\000\040\000d\000e\000s\000\040\000d\000o\000n\000n\000\351\000e\000s}{}% 14
\BOOKMARK [1][-]{section.4.1}{\376\377\000I\000n\000t\000r\000o\000d\000u\000c\000t\000i\000o\000n}{chapter.4}% 15
\BOOKMARK [1][-]{section.4.2}{\376\377\000G\000r\000a\000p\000h\000i\000q\000u\000e\000s\000\040\000e\000t\000\040\000T\000a\000b\000l\000e\000a\000u\000x}{chapter.4}% 16
\BOOKMARK [0][-]{chapter.5}{\376\377\000A\000n\000a\000l\000y\000s\000e\000\040\000e\000t\000\040\000R\000\351\000s\000u\000l\000t\000a\000t\000s}{}% 17
\BOOKMARK [0][-]{chapter.6}{\376\377\000D\000i\000s\000c\000u\000s\000s\000i\000o\000n}{}% 18
\BOOKMARK [0][-]{chapter.7}{\376\377\000C\000o\000n\000c\000l\000u\000s\000i\000o\000n\000\040\000e\000t\000\040\000p\000e\000r\000s\000p\000e\000c\000t\000i\000v\000e\000s}{}% 19
\BOOKMARK [0][-]{chapter*.5}{\376\377\000A\000n\000n\000e\000x\000e\000s}{}% 20
\BOOKMARK [1][-]{section*.6}{\376\377\000C\000o\000d\000e\000s}{chapter*.5}% 21
